<?xml version="1.0" encoding="utf-8"?><testsuites name="pytest tests"><testsuite name="pytest" errors="0" failures="0" skipped="0" tests="9" time="16.329" timestamp="2026-07-08T16:27:19.286782+00:00" hostname="agent-env-e0b6ac62-1a4e-45e8-b3f0-d25fa18be293"><testcase classname="backend.tests.test_tts" name="test_root" time="0.224" /><testcase classname="backend.tests.test_tts" name="test_tts_returns_audio" time="2.078" /><testcase classname="backend.tests.test_tts" name="test_tts_caching_faster_second" time="2.503" /><testcase classname="backend.tests.test_tts" name="test_tts_validation" time="0.102" /><testcase classname="backend.tests.test_tts" name="test_tts_multiple_phrases[I can cut.]" time="2.805" /><testcase classname="backend.tests.test_tts" name="test_tts_multiple_phrases[You cannot cut.]" time="1.886" /><testcase classname="backend.tests.test_tts" name="test_tts_multiple_phrases[Can you cut?]" time="2.609" /><testcase classname="backend.tests.test_tts" name="test_tts_multiple_phrases[She might not sing.]" time="2.183" /><testcase classname="backend.tests.test_tts" name="test_tts_multiple_phrases[Would they dance?]" time="1.871" /></testsuite></testsuites>